# JRE version: OpenJDK Runtime Environment (8.0_121-b13) (build 1.8.0_121-8u121-b13-0ubuntu1.16.10.2-b13)
# Java VM: OpenJDK Server VM (25.121-b13 mixed mode linux-x86 )
Heap:
 PSYoungGen      total 19200K, used 17974K [0x918c0000, 0x92e00000, 0xa6e00000)
  eden space 16640K, 97% used [0x918c0000,0x9289c118,0x92900000)
  from space 2560K, 67% used [0x92b80000,0x92d319d0,0x92e00000)
  to   space 2560K, 0% used [0x92900000,0x92900000,0x92b80000)
 ParOldGen       total 43776K, used 24K [0x66e00000, 0x698c0000, 0x918c0000)
  object space 43776K, 0% used [0x66e00000,0x66e06000,0x698c0000)
 Metaspace       used 8849K, capacity 9046K, committed 9112K, reserved 9520K
GC Heap History (8 events):
Event: 8.750 GC heap before
{Heap before GC invocations=1 (full 0):
 PSYoungGen      total 19200K, used 16640K [0x918c0000, 0x92e00000, 0xa6e00000)
  eden space 16640K, 100% used [0x918c0000,0x92900000,0x92900000)
  from space 2560K, 0% used [0x92b80000,0x92b80000,0x92e00000)
  to   space 2560K, 0% used [0x92900000,0x92900000,0x92b80000)
 ParOldGen       total 43776K, used 0K [0x66e00000, 0x698c0000, 0x918c0000)
  object space 43776K, 0% used [0x66e00000,0x66e00000,0x698c0000)
 Metaspace       used 8744K, capacity 8950K, committed 8984K, reserved 9520K
Event: 8.755 GC heap after
Heap after GC invocations=1 (full 0):
 PSYoungGen      total 19200K, used 1729K [0x918c0000, 0x92e00000, 0xa6e00000)
  eden space 16640K, 0% used [0x918c0000,0x918c0000,0x92900000)
  from space 2560K, 67% used [0x92900000,0x92ab0468,0x92b80000)
  to   space 2560K, 0% used [0x92b80000,0x92b80000,0x92e00000)
 ParOldGen       total 43776K, used 12K [0x66e00000, 0x698c0000, 0x918c0000)
  object space 43776K, 0% used [0x66e00000,0x66e03000,0x698c0000)
 Metaspace       used 8744K, capacity 8950K, committed 8984K, reserved 9520K
}
Event: 13.516 GC heap before
{Heap before GC invocations=2 (full 0):
 PSYoungGen      total 19200K, used 18369K [0x918c0000, 0x92e00000, 0xa6e00000)
  eden space 16640K, 100% used [0x918c0000,0x92900000,0x92900000)
  from space 2560K, 67% used [0x92900000,0x92ab0468,0x92b80000)
  to   space 2560K, 0% used [0x92b80000,0x92b80000,0x92e00000)
 ParOldGen       total 43776K, used 12K [0x66e00000, 0x698c0000, 0x918c0000)
  object space 43776K, 0% used [0x66e00000,0x66e03000,0x698c0000)
 Metaspace       used 8812K, capacity 9014K, committed 9112K, reserved 9520K
Event: 13.531 GC heap after
Heap after GC invocations=2 (full 0):
 PSYoungGen      total 19200K, used 1674K [0x918c0000, 0x92e00000, 0xa6e00000)
  eden space 16640K, 0% used [0x918c0000,0x918c0000,0x92900000)
  from space 2560K, 65% used [0x92b80000,0x92d22880,0x92e00000)
  to   space 2560K, 0% used [0x92900000,0x92900000,0x92b80000)
 ParOldGen       total 43776K, used 16K [0x66e00000, 0x698c0000, 0x918c0000)
  object space 43776K, 0% used [0x66e00000,0x66e04000,0x698c0000)
 Metaspace       used 8812K, capacity 9014K, committed 9112K, reserved 9520K
}
Event: 20.807 GC heap before
{Heap before GC invocations=3 (full 0):
 PSYoungGen      total 19200K, used 18314K [0x918c0000, 0x92e00000, 0xa6e00000)
  eden space 16640K, 100% used [0x918c0000,0x92900000,0x92900000)
  from space 2560K, 65% used [0x92b80000,0x92d22880,0x92e00000)
  to   space 2560K, 0% used [0x92900000,0x92900000,0x92b80000)
 ParOldGen       total 43776K, used 16K [0x66e00000, 0x698c0000, 0x918c0000)
  object space 43776K, 0% used [0x66e00000,0x66e04000,0x698c0000)
 Metaspace       used 8821K, capacity 9014K, committed 9112K, reserved 9520K
Event: 20.819 GC heap after
Heap after GC invocations=3 (full 0):
 PSYoungGen      total 19200K, used 1705K [0x918c0000, 0x92e00000, 0xa6e00000)
  eden space 16640K, 0% used [0x918c0000,0x918c0000,0x92900000)
  from space 2560K, 66% used [0x92900000,0x92aaa458,0x92b80000)
  to   space 2560K, 0% used [0x92b80000,0x92b80000,0x92e00000)
 ParOldGen       total 43776K, used 20K [0x66e00000, 0x698c0000, 0x918c0000)
  object space 43776K, 0% used [0x66e00000,0x66e05000,0x698c0000)
 Metaspace       used 8821K, capacity 9014K, committed 9112K, reserved 9520K
}
Event: 28.151 GC heap before
{Heap before GC invocations=4 (full 0):
 PSYoungGen      total 19200K, used 18345K [0x918c0000, 0x92e00000, 0xa6e00000)
  eden space 16640K, 100% used [0x918c0000,0x92900000,0x92900000)
  from space 2560K, 66% used [0x92900000,0x92aaa458,0x92b80000)
  to   space 2560K, 0% used [0x92b80000,0x92b80000,0x92e00000)
 ParOldGen       total 43776K, used 20K [0x66e00000, 0x698c0000, 0x918c0000)
  object space 43776K, 0% used [0x66e00000,0x66e05000,0x698c0000)
 Metaspace       used 8834K, capacity 9046K, committed 9112K, reserved 9520K
Event: 28.161 GC heap after
Heap after GC invocations=4 (full 0):
 PSYoungGen      total 19200K, used 1734K [0x918c0000, 0x92e00000, 0xa6e00000)
  eden space 16640K, 0% used [0x918c0000,0x918c0000,0x92900000)
  from space 2560K, 67% used [0x92b80000,0x92d319d0,0x92e00000)
  to   space 2560K, 0% used [0x92900000,0x92900000,0x92b80000)
 ParOldGen       total 43776K, used 24K [0x66e00000, 0x698c0000, 0x918c0000)
  object space 43776K, 0% used [0x66e00000,0x66e06000,0x698c0000)
 Metaspace       used 8834K, capacity 9046K, committed 9112K, reserved 9520K
}

