# JRE version: OpenJDK Runtime Environment (8.0_121-b13) (build 1.8.0_121-8u121-b13-0ubuntu1.16.10.2-b13)
# Java VM: OpenJDK Server VM (25.121-b13 mixed mode linux-x86 )
Heap:
 PSYoungGen      total 18432K, used 6230K [0x918c0000, 0x92e80000, 0xa6e00000)
  eden space 15104K, 40% used [0x918c0000,0x91eb99d0,0x92780000)
  from space 3328K, 3% used [0x92b40000,0x92b5c000,0x92e80000)
  to   space 3584K, 0% used [0x92780000,0x92780000,0x92b00000)
 ParOldGen       total 43776K, used 2425K [0x66e00000, 0x698c0000, 0x918c0000)
  object space 43776K, 5% used [0x66e00000,0x6705e460,0x698c0000)
 Metaspace       used 9325K, capacity 9528K, committed 9624K, reserved 10544K
GC Heap History (10 events):
Event: 21.634 GC heap before
{Heap before GC invocations=5 (full 1):
 PSYoungGen      total 19200K, used 2472K [0x918c0000, 0x92e00000, 0xa6e00000)
  eden space 16640K, 0% used [0x918c0000,0x918c0000,0x92900000)
  from space 2560K, 96% used [0x92b80000,0x92dea370,0x92e00000)
  to   space 2560K, 0% used [0x92900000,0x92900000,0x92b80000)
 ParOldGen       total 43776K, used 20K [0x66e00000, 0x698c0000, 0x918c0000)
  object space 43776K, 0% used [0x66e00000,0x66e05000,0x698c0000)
 Metaspace       used 9294K, capacity 9496K, committed 9624K, reserved 10544K
Event: 21.673 GC heap after
Heap after GC invocations=5 (full 1):
 PSYoungGen      total 19200K, used 0K [0x918c0000, 0x92e00000, 0xa6e00000)
  eden space 16640K, 0% used [0x918c0000,0x918c0000,0x92900000)
  from space 2560K, 0% used [0x92b80000,0x92b80000,0x92e00000)
  to   space 2560K, 0% used [0x92900000,0x92900000,0x92b80000)
 ParOldGen       total 43776K, used 2417K [0x66e00000, 0x698c0000, 0x918c0000)
  object space 43776K, 5% used [0x66e00000,0x6705c460,0x698c0000)
 Metaspace       used 9294K, capacity 9496K, committed 9624K, reserved 10544K
}
Event: 26.507 GC heap before
{Heap before GC invocations=6 (full 1):
 PSYoungGen      total 19200K, used 16640K [0x918c0000, 0x92e00000, 0xa6e00000)
  eden space 16640K, 100% used [0x918c0000,0x92900000,0x92900000)
  from space 2560K, 0% used [0x92b80000,0x92b80000,0x92e00000)
  to   space 2560K, 0% used [0x92900000,0x92900000,0x92b80000)
 ParOldGen       total 43776K, used 2417K [0x66e00000, 0x698c0000, 0x918c0000)
  object space 43776K, 5% used [0x66e00000,0x6705c460,0x698c0000)
 Metaspace       used 9303K, capacity 9496K, committed 9624K, reserved 10544K
Event: 26.510 GC heap after
Heap after GC invocations=6 (full 1):
 PSYoungGen      total 19200K, used 80K [0x918c0000, 0x92e00000, 0xa6e00000)
  eden space 16640K, 0% used [0x918c0000,0x918c0000,0x92900000)
  from space 2560K, 3% used [0x92900000,0x92914000,0x92b80000)
  to   space 2560K, 0% used [0x92b80000,0x92b80000,0x92e00000)
 ParOldGen       total 43776K, used 2421K [0x66e00000, 0x698c0000, 0x918c0000)
  object space 43776K, 5% used [0x66e00000,0x6705d460,0x698c0000)
 Metaspace       used 9303K, capacity 9496K, committed 9624K, reserved 10544K
}
Event: 30.500 GC heap before
{Heap before GC invocations=7 (full 1):
 PSYoungGen      total 19200K, used 16720K [0x918c0000, 0x92e00000, 0xa6e00000)
  eden space 16640K, 100% used [0x918c0000,0x92900000,0x92900000)
  from space 2560K, 3% used [0x92900000,0x92914000,0x92b80000)
  to   space 2560K, 0% used [0x92b80000,0x92b80000,0x92e00000)
 ParOldGen       total 43776K, used 2421K [0x66e00000, 0x698c0000, 0x918c0000)
  object space 43776K, 5% used [0x66e00000,0x6705d460,0x698c0000)
 Metaspace       used 9307K, capacity 9496K, committed 9624K, reserved 10544K
Event: 30.501 GC heap after
Heap after GC invocations=7 (full 1):
 PSYoungGen      total 18176K, used 96K [0x918c0000, 0x92fc0000, 0xa6e00000)
  eden space 15616K, 0% used [0x918c0000,0x918c0000,0x92800000)
  from space 2560K, 3% used [0x92b80000,0x92b98000,0x92e00000)
  to   space 3584K, 0% used [0x92800000,0x92800000,0x92b80000)
 ParOldGen       total 43776K, used 2421K [0x66e00000, 0x698c0000, 0x918c0000)
  object space 43776K, 5% used [0x66e00000,0x6705d460,0x698c0000)
 Metaspace       used 9307K, capacity 9496K, committed 9624K, reserved 10544K
}
Event: 34.147 GC heap before
{Heap before GC invocations=8 (full 1):
 PSYoungGen      total 18176K, used 15712K [0x918c0000, 0x92fc0000, 0xa6e00000)
  eden space 15616K, 100% used [0x918c0000,0x92800000,0x92800000)
  from space 2560K, 3% used [0x92b80000,0x92b98000,0x92e00000)
  to   space 3584K, 0% used [0x92800000,0x92800000,0x92b80000)
 ParOldGen       total 43776K, used 2421K [0x66e00000, 0x698c0000, 0x918c0000)
  object space 43776K, 5% used [0x66e00000,0x6705d460,0x698c0000)
 Metaspace       used 9318K, capacity 9528K, committed 9624K, reserved 10544K
Event: 34.154 GC heap after
Heap after GC invocations=8 (full 1):
 PSYoungGen      total 15616K, used 128K [0x918c0000, 0x92ec0000, 0xa6e00000)
  eden space 15360K, 0% used [0x918c0000,0x918c0000,0x927c0000)
  from space 256K, 50% used [0x92800000,0x92820000,0x92840000)
  to   space 3584K, 0% used [0x92b40000,0x92b40000,0x92ec0000)
 ParOldGen       total 43776K, used 2421K [0x66e00000, 0x698c0000, 0x918c0000)
  object space 43776K, 5% used [0x66e00000,0x6705d460,0x698c0000)
 Metaspace       used 9318K, capacity 9528K, committed 9624K, reserved 10544K
}
Event: 46.697 GC heap before
{Heap before GC invocations=9 (full 1):
 PSYoungGen      total 15616K, used 15488K [0x918c0000, 0x92ec0000, 0xa6e00000)
  eden space 15360K, 100% used [0x918c0000,0x927c0000,0x927c0000)
  from space 256K, 50% used [0x92800000,0x92820000,0x92840000)
  to   space 3584K, 0% used [0x92b40000,0x92b40000,0x92ec0000)
 ParOldGen       total 43776K, used 2421K [0x66e00000, 0x698c0000, 0x918c0000)
  object space 43776K, 5% used [0x66e00000,0x6705d460,0x698c0000)
 Metaspace       used 9324K, capacity 9528K, committed 9624K, reserved 10544K
Event: 46.698 GC heap after
Heap after GC invocations=9 (full 1):
 PSYoungGen      total 18432K, used 112K [0x918c0000, 0x92e80000, 0xa6e00000)
  eden space 15104K, 0% used [0x918c0000,0x918c0000,0x92780000)
  from space 3328K, 3% used [0x92b40000,0x92b5c000,0x92e80000)
  to   space 3584K, 0% used [0x92780000,0x92780000,0x92b00000)
 ParOldGen       total 43776K, used 2425K [0x66e00000, 0x698c0000, 0x918c0000)
  object space 43776K, 5% used [0x66e00000,0x6705e460,0x698c0000)
 Metaspace       used 9324K, capacity 9528K, committed 9624K, reserved 10544K
}

