# JRE version: OpenJDK Runtime Environment (8.0_121-b13) (build 1.8.0_121-8u121-b13-0ubuntu1.16.10.2-b13)
# Java VM: OpenJDK Server VM (25.121-b13 mixed mode linux-x86 )
Heap:
 PSYoungGen      total 18944K, used 13345K [0x916c0000, 0x92cc0000, 0xa6c00000)
  eden space 16384K, 65% used [0x916c0000,0x9214b2c0,0x926c0000)
  from space 2560K, 99% used [0x92700000,0x9297d3f8,0x92980000)
  to   space 3072K, 0% used [0x929c0000,0x929c0000,0x92cc0000)
 ParOldGen       total 43776K, used 64K [0x66c00000, 0x696c0000, 0x916c0000)
  object space 43776K, 0% used [0x66c00000,0x66c10000,0x696c0000)
 Metaspace       used 8951K, capacity 9142K, committed 9240K, reserved 9520K
GC Heap History (10 events):
Event: 17.866 GC heap before
{Heap before GC invocations=1 (full 0):
 PSYoungGen      total 19200K, used 16640K [0x916c0000, 0x92c00000, 0xa6c00000)
  eden space 16640K, 100% used [0x916c0000,0x92700000,0x92700000)
  from space 2560K, 0% used [0x92980000,0x92980000,0x92c00000)
  to   space 2560K, 0% used [0x92700000,0x92700000,0x92980000)
 ParOldGen       total 43776K, used 0K [0x66c00000, 0x696c0000, 0x916c0000)
  object space 43776K, 0% used [0x66c00000,0x66c00000,0x696c0000)
 Metaspace       used 8824K, capacity 9014K, committed 9112K, reserved 9520K
Event: 17.891 GC heap after
Heap after GC invocations=1 (full 0):
 PSYoungGen      total 19200K, used 1823K [0x916c0000, 0x92c00000, 0xa6c00000)
  eden space 16640K, 0% used [0x916c0000,0x916c0000,0x92700000)
  from space 2560K, 71% used [0x92700000,0x928c7cb8,0x92980000)
  to   space 2560K, 0% used [0x92980000,0x92980000,0x92c00000)
 ParOldGen       total 43776K, used 12K [0x66c00000, 0x696c0000, 0x916c0000)
  object space 43776K, 0% used [0x66c00000,0x66c03000,0x696c0000)
 Metaspace       used 8824K, capacity 9014K, committed 9112K, reserved 9520K
}
Event: 21.308 GC heap before
{Heap before GC invocations=2 (full 0):
 PSYoungGen      total 19200K, used 18463K [0x916c0000, 0x92c00000, 0xa6c00000)
  eden space 16640K, 100% used [0x916c0000,0x92700000,0x92700000)
  from space 2560K, 71% used [0x92700000,0x928c7cb8,0x92980000)
  to   space 2560K, 0% used [0x92980000,0x92980000,0x92c00000)
 ParOldGen       total 43776K, used 12K [0x66c00000, 0x696c0000, 0x916c0000)
  object space 43776K, 0% used [0x66c00000,0x66c03000,0x696c0000)
 Metaspace       used 8877K, capacity 9078K, committed 9112K, reserved 9520K
Event: 21.320 GC heap after
Heap after GC invocations=2 (full 0):
 PSYoungGen      total 19200K, used 2371K [0x916c0000, 0x92c00000, 0xa6c00000)
  eden space 16640K, 0% used [0x916c0000,0x916c0000,0x92700000)
  from space 2560K, 92% used [0x92980000,0x92bd0ff0,0x92c00000)
  to   space 2560K, 0% used [0x92700000,0x92700000,0x92980000)
 ParOldGen       total 43776K, used 20K [0x66c00000, 0x696c0000, 0x916c0000)
  object space 43776K, 0% used [0x66c00000,0x66c05000,0x696c0000)
 Metaspace       used 8877K, capacity 9078K, committed 9112K, reserved 9520K
}
Event: 26.384 GC heap before
{Heap before GC invocations=3 (full 0):
 PSYoungGen      total 19200K, used 19011K [0x916c0000, 0x92c00000, 0xa6c00000)
  eden space 16640K, 100% used [0x916c0000,0x92700000,0x92700000)
  from space 2560K, 92% used [0x92980000,0x92bd0ff0,0x92c00000)
  to   space 2560K, 0% used [0x92700000,0x92700000,0x92980000)
 ParOldGen       total 43776K, used 20K [0x66c00000, 0x696c0000, 0x916c0000)
  object space 43776K, 0% used [0x66c00000,0x66c05000,0x696c0000)
 Metaspace       used 8917K, capacity 9110K, committed 9240K, reserved 9520K
Event: 26.394 GC heap after
Heap after GC invocations=3 (full 0):
 PSYoungGen      total 19200K, used 2549K [0x916c0000, 0x92c00000, 0xa6c00000)
  eden space 16640K, 0% used [0x916c0000,0x916c0000,0x92700000)
  from space 2560K, 99% used [0x92700000,0x9297d4a0,0x92980000)
  to   space 2560K, 0% used [0x92980000,0x92980000,0x92c00000)
 ParOldGen       total 43776K, used 32K [0x66c00000, 0x696c0000, 0x916c0000)
  object space 43776K, 0% used [0x66c00000,0x66c08000,0x696c0000)
 Metaspace       used 8917K, capacity 9110K, committed 9240K, reserved 9520K
}
Event: 31.756 GC heap before
{Heap before GC invocations=4 (full 0):
 PSYoungGen      total 19200K, used 19189K [0x916c0000, 0x92c00000, 0xa6c00000)
  eden space 16640K, 100% used [0x916c0000,0x92700000,0x92700000)
  from space 2560K, 99% used [0x92700000,0x9297d4a0,0x92980000)
  to   space 2560K, 0% used [0x92980000,0x92980000,0x92c00000)
 ParOldGen       total 43776K, used 32K [0x66c00000, 0x696c0000, 0x916c0000)
  object space 43776K, 0% used [0x66c00000,0x66c08000,0x696c0000)
 Metaspace       used 8947K, capacity 9142K, committed 9240K, reserved 9520K
Event: 31.764 GC heap after
Heap after GC invocations=4 (full 0):
 PSYoungGen      total 19200K, used 2550K [0x916c0000, 0x92c00000, 0xa6c00000)
  eden space 16640K, 0% used [0x916c0000,0x916c0000,0x92700000)
  from space 2560K, 99% used [0x92980000,0x92bfd8c8,0x92c00000)
  to   space 2560K, 0% used [0x92700000,0x92700000,0x92980000)
 ParOldGen       total 43776K, used 60K [0x66c00000, 0x696c0000, 0x916c0000)
  object space 43776K, 0% used [0x66c00000,0x66c0f000,0x696c0000)
 Metaspace       used 8947K, capacity 9142K, committed 9240K, reserved 9520K
}
Event: 39.183 GC heap before
{Heap before GC invocations=5 (full 0):
 PSYoungGen      total 19200K, used 19190K [0x916c0000, 0x92c00000, 0xa6c00000)
  eden space 16640K, 100% used [0x916c0000,0x92700000,0x92700000)
  from space 2560K, 99% used [0x92980000,0x92bfd8c8,0x92c00000)
  to   space 2560K, 0% used [0x92700000,0x92700000,0x92980000)
 ParOldGen       total 43776K, used 60K [0x66c00000, 0x696c0000, 0x916c0000)
  object space 43776K, 0% used [0x66c00000,0x66c0f000,0x696c0000)
 Metaspace       used 8951K, capacity 9142K, committed 9240K, reserved 9520K
Event: 39.194 GC heap after
Heap after GC invocations=5 (full 0):
 PSYoungGen      total 18944K, used 2548K [0x916c0000, 0x92cc0000, 0xa6c00000)
  eden space 16384K, 0% used [0x916c0000,0x916c0000,0x926c0000)
  from space 2560K, 99% used [0x92700000,0x9297d3f8,0x92980000)
  to   space 3072K, 0% used [0x929c0000,0x929c0000,0x92cc0000)
 ParOldGen       total 43776K, used 64K [0x66c00000, 0x696c0000, 0x916c0000)
  object space 43776K, 0% used [0x66c00000,0x66c10000,0x696c0000)
 Metaspace       used 8951K, capacity 9142K, committed 9240K, reserved 9520K
}

